2024-08-03 08:34:46,500 - INFO - Starting application health check...
2024-08-03 08:34:47,526 - ERROR - Application is DOWN. Error: HTTPConnectionPool(host='your_application_url', port=80): Max retries exceeded with url: / (Caused by NameResolutionError("<urllib3.connection.HTTPConnection object at 0x000001F84FFD9F10>: Failed to resolve 'your_application_url' ([Errno 11001] getaddrinfo failed)"))
2024-08-03 08:34:47,526 - INFO - Application health check completed.
2024-08-03 08:36:04,516 - INFO - Starting application health check...
2024-08-03 08:36:04,715 - WARNING - Application is DOWN. Status code: 503
2024-08-03 08:36:04,715 - INFO - Application health check completed.
2024-08-03 08:36:52,230 - INFO - Starting application health check...
2024-08-03 08:36:52,413 - WARNING - Application is DOWN. Status code: 503
2024-08-03 08:36:52,413 - INFO - Application health check completed.
2024-08-03 08:37:28,109 - INFO - Starting application health check...
2024-08-03 08:37:28,810 - INFO - Application is UP. Status code: 200
2024-08-03 08:37:28,810 - INFO - Application health check completed.
2024-08-06 06:56:36,266 - INFO - Starting application health check...
2024-08-06 06:56:36,868 - INFO - Application is UP. Status code: 200
2024-08-06 06:56:36,868 - INFO - Application health check completed.
2024-08-06 06:56:56,977 - INFO - Starting application health check...
2024-08-06 06:56:57,728 - INFO - Application is UP. Status code: 200
2024-08-06 06:56:57,737 - INFO - Application health check completed.
2024-08-06 06:57:55,321 - INFO - Starting application health check...
2024-08-06 06:57:55,743 - INFO - Application is UP. Status code: 200
2024-08-06 06:57:55,743 - INFO - Application health check completed.
